app/build/outputs/logs/manifest-merger-release-report.txt
-- Merging decision tree log ---
manifest
ADDED from src\main\AndroidManifest.xml:2:1-49:12
	package
		ADDED from src\main\AndroidManifest.xml:3:5-33
		INJECTED from src\main\AndroidManifest.xml
		INJECTED from src\main\AndroidManifest.xml
	android:versionName
		INJECTED from src\main\AndroidManifest.xml
		INJECTED from src\main\AndroidManifest.xml
	xmlns:android
		ADDED from src\main\AndroidManifest.xml:2:11-69
	android:versionCode
		INJECTED from src\main\AndroidManifest.xml
		INJECTED from src\main\AndroidManifest.xml
application
ADDED from src\main\AndroidManifest.xml:5:5-47:19
MERGED from [com.android.support:appcompat-v7:23.1.1] AndroidManifest.xml:22:5-20
MERGED from [com.android.support:support-v4:23.1.1] AndroidManifest.xml:22:5-20
MERGED from [com.android.support:design:23.1.1] AndroidManifest.xml:22:5-20
MERGED from [com.android.support:appcompat-v7:23.1.1] AndroidManifest.xml:22:5-20
MERGED from [com.android.support:support-v4:23.1.1] AndroidManifest.xml:22:5-20
MERGED from [com.android.support:support-v4:23.1.1] AndroidManifest.xml:22:5-20
MERGED from [com.android.support:support-v4:23.1.1] AndroidManifest.xml:22:5-20
MERGED from [com.android.support:support-v4:23.1.1] AndroidManifest.xml:22:5-20
MERGED from [com.android.support:support-v4:23.1.1] AndroidManifest.xml:22:5-20
MERGED from [com.google.android.gms:play-services-ads:8.4.0] AndroidManifest.xml:24:5-32:19
MERGED from [com.google.android.gms:play-services-basement:8.4.0] AndroidManifest.xml:20:5-24:19
MERGED from [com.android.support:support-v4:23.1.1] AndroidManifest.xml:22:5-20
	android:label
		ADDED from src\main\AndroidManifest.xml:8:9-41
	android:supportsRtl
		ADDED from src\main\AndroidManifest.xml:9:9-35
	android:allowBackup
		ADDED from src\main\AndroidManifest.xml:6:9-35
	android:icon
		ADDED from src\main\AndroidManifest.xml:7:9-43
	android:theme
		ADDED from src\main\AndroidManifest.xml:10:9-40
activity#ru.binarysimple.ui.Splash
ADDED from src\main\AndroidManifest.xml:12:9-20:20
	android:theme
		ADDED from src\main\AndroidManifest.xml:14:13-56
	android:name
		ADDED from src\main\AndroidManifest.xml:13:13-35
intent-filter#android.intent.action.MAIN+android.intent.category.LAUNCHER
ADDED from src\main\AndroidManifest.xml:15:13-19:29
action#android.intent.action.MAIN
ADDED from src\main\AndroidManifest.xml:16:17-69
	android:name
		ADDED from src\main\AndroidManifest.xml:16:25-66
category#android.intent.category.LAUNCHER
ADDED from src\main\AndroidManifest.xml:18:17-77
	android:name
		ADDED from src\main\AndroidManifest.xml:18:27-74
activity#ru.binarysimple.ui.Main
ADDED from src\main\AndroidManifest.xml:21:9-26:20
	android:label
		ADDED from src\main\AndroidManifest.xml:23:13-45
	android:theme
		ADDED from src\main\AndroidManifest.xml:24:13-56
	android:name
		ADDED from src\main\AndroidManifest.xml:22:13-33
activity#ru.binarysimple.ui.PersActivity
ADDED from src\main\AndroidManifest.xml:27:9-30:59
	android:label
		ADDED from src\main\AndroidManifest.xml:29:13-56
	android:theme
		ADDED from src\main\AndroidManifest.xml:30:13-56
	android:name
		ADDED from src\main\AndroidManifest.xml:28:13-41
activity#ru.binarysimple.ui.PersonListActivity
ADDED from src\main\AndroidManifest.xml:31:9-34:59
	android:label
		ADDED from src\main\AndroidManifest.xml:33:13-54
	android:theme
		ADDED from src\main\AndroidManifest.xml:34:13-56
	android:name
		ADDED from src\main\AndroidManifest.xml:32:13-47
activity#ru.binarysimple.ui.PersonDetailActivity
ADDED from src\main\AndroidManifest.xml:35:9-43:20
	android:label
		ADDED from src\main\AndroidManifest.xml:37:13-56
	android:parentActivityName
		ADDED from src\main\AndroidManifest.xml:38:13-61
	android:theme
		ADDED from src\main\AndroidManifest.xml:39:13-56
	android:name
		ADDED from src\main\AndroidManifest.xml:36:13-49
meta-data#android.support.PARENT_ACTIVITY
ADDED from src\main\AndroidManifest.xml:40:13-42:73
	android:value
		ADDED from src\main\AndroidManifest.xml:42:17-70
	android:name
		ADDED from src\main\AndroidManifest.xml:41:17-63
activity#ru.binarysimple.ui.SavedResultsList
ADDED from src\main\AndroidManifest.xml:44:9-46:68
	android:theme
		ADDED from src\main\AndroidManifest.xml:46:13-56
	android:name
		ADDED from src\main\AndroidManifest.xml:45:13-45
uses-sdk
INJECTED from src\main\AndroidManifest.xml reason: use-sdk injection requested
MERGED from [com.android.support:appcompat-v7:23.1.1] AndroidManifest.xml:20:5-43
MERGED from [com.android.support:support-v4:23.1.1] AndroidManifest.xml:20:5-43
MERGED from [com.android.support:design:23.1.1] AndroidManifest.xml:20:5-43
MERGED from [com.android.support:appcompat-v7:23.1.1] AndroidManifest.xml:20:5-43
MERGED from [com.android.support:support-v4:23.1.1] AndroidManifest.xml:20:5-43
MERGED from [com.android.support:recyclerview-v7:23.1.1] AndroidManifest.xml:20:5-43
MERGED from [com.android.support:support-v4:23.1.1] AndroidManifest.xml:20:5-43
MERGED from [com.android.support:support-v4:23.1.1] AndroidManifest.xml:20:5-43
MERGED from [com.android.support:support-v4:23.1.1] AndroidManifest.xml:20:5-43
MERGED from [com.android.support:recyclerview-v7:23.1.1] AndroidManifest.xml:20:5-43
MERGED from [com.android.support:support-v4:23.1.1] AndroidManifest.xml:20:5-43
MERGED from [com.google.android.gms:play-services-ads:8.4.0] AndroidManifest.xml:23:5-42
MERGED from [com.google.android.gms:play-services-basement:8.4.0] AndroidManifest.xml:18:5-42
MERGED from [com.android.support:support-v4:23.1.1] AndroidManifest.xml:20:5-43
	android:targetSdkVersion
		INJECTED from src\main\AndroidManifest.xml
		INJECTED from src\main\AndroidManifest.xml
	android:minSdkVersion
		INJECTED from src\main\AndroidManifest.xml
		INJECTED from src\main\AndroidManifest.xml
uses-permission#android.permission.INTERNET
ADDED from [com.google.android.gms:play-services-ads:8.4.0] AndroidManifest.xml:20:5-66
	android:name
		ADDED from [com.google.android.gms:play-services-ads:8.4.0] AndroidManifest.xml:20:22-64
uses-permission#android.permission.ACCESS_NETWORK_STATE
ADDED from [com.google.android.gms:play-services-ads:8.4.0] AndroidManifest.xml:21:5-78
	android:name
		ADDED from [com.google.android.gms:play-services-ads:8.4.0] AndroidManifest.xml:21:22-76
activity#com.google.android.gms.ads.AdActivity
ADDED from [com.google.android.gms:play-services-ads:8.4.0] AndroidManifest.xml:26:9-29:64
	android:configChanges
		ADDED from [com.google.android.gms:play-services-ads:8.4.0] AndroidManifest.xml:28:13-122
	android:theme
		ADDED from [com.google.android.gms:play-services-ads:8.4.0] AndroidManifest.xml:29:13-61
	android:name
		ADDED from [com.google.android.gms:play-services-ads:8.4.0] AndroidManifest.xml:27:13-65
activity#com.google.android.gms.ads.purchase.InAppPurchaseActivity
ADDED from [com.google.android.gms:play-services-ads:8.4.0] AndroidManifest.xml:30:9-31:52
	android:theme
		ADDED from [com.google.android.gms:play-services-ads:8.4.0] AndroidManifest.xml:31:13-50
	android:name
		ADDED from [com.google.android.gms:play-services-ads:8.4.0] AndroidManifest.xml:30:19-91
meta-data#com.google.android.gms.version
ADDED from [com.google.android.gms:play-services-basement:8.4.0] AndroidManifest.xml:21:9-23:69
	android:value
		ADDED from [com.google.android.gms:play-services-basement:8.4.0] AndroidManifest.xml:23:13-66
	android:name
		ADDED from [com.google.android.gms:play-services-basement:8.4.0] AndroidManifest.xml:22:13-58